<?xml version="1.0" encoding="UTF-8"?>
<!-- Generated by org.testng.reporters.JUnitReportReporter -->
<testsuite hostname="MYLOP6109355" failures="0" tests="1" name="day11.MyCRMApp4" time="0.001" errors="0" timestamp="2022-11-24T23:57:41 SGT" skipped="0">
  <testcase classname="day11.MyCRMApp4" name="loginApp" time="0.001"/>
  <system-out/>
</testsuite> <!-- day11.MyCRMApp4 -->
