<?xml version="1.0" encoding="UTF-8"?>
<!-- Generated by org.testng.reporters.JUnitReportReporter -->
<testsuite hostname="MYLOP6109355" failures="0" tests="1" name="day12.ReadExcelData2" time="0.409" errors="0" timestamp="2022-11-25T14:37:10 SGT" skipped="0">
  <testcase classname="day12.ReadExcelData2" name="readExcelData" time="0.409"/>
  <system-out/>
</testsuite> <!-- day12.ReadExcelData2 -->
