<?xml version="1.0" encoding="UTF-8"?>
<!-- Generated by org.testng.reporters.JUnitReportReporter -->
<testsuite hostname="MYLOP6109355" failures="0" tests="3" name="day11.MyFirstTestNg" time="0.002" errors="0" timestamp="2022-11-24T23:57:41 SGT" skipped="0">
  <testcase classname="day11.MyFirstTestNg" name="test2" time="0.000"/>
  <system-out/>
  <testcase classname="day11.MyFirstTestNg" name="test1" time="0.001"/>
  <system-out/>
  <testcase classname="day11.MyFirstTestNg" name="test3" time="0.001"/>
  <system-out/>
</testsuite> <!-- day11.MyFirstTestNg -->
