<?xml version="1.0" encoding="UTF-8"?>
<!-- Generated by org.testng.reporters.JUnitReportReporter -->
<testsuite hostname="MYLOP6109355" failures="0" tests="1" name="day12.ReadConfigFiile" time="0.007" errors="0" timestamp="2022-11-25T11:15:28 SGT" skipped="0">
  <testcase classname="day12.ReadConfigFiile" name="reaadConfig" time="0.007"/>
  <system-out/>
</testsuite> <!-- day12.ReadConfigFiile -->
