<?xml version="1.0" encoding="UTF-8"?>
<!-- Generated by org.testng.reporters.JUnitReportReporter -->
<testsuite hostname="MYLOP6109355" failures="0" tests="1" name="class13.CreateReport" time="0.644" errors="0" timestamp="2022-11-26T15:27:59 SGT" skipped="0">
  <testcase classname="class13.CreateReport" name="createReport" time="0.644"/>
  <system-out/>
</testsuite> <!-- class13.CreateReport -->
