<?xml version="1.0" encoding="UTF-8"?>
<!-- Generated by org.testng.reporters.JUnitReportReporter -->
<testsuite hostname="MYLOP6109355" failures="0" tests="3" name="day12.Annotations" time="0.009" errors="0" timestamp="2022-11-25T10:41:05 SGT" skipped="0">
  <testcase classname="day12.Annotations" name="login3" time="0.002"/>
  <system-out/>
  <testcase classname="day12.Annotations" name="login" time="0.005"/>
  <system-out/>
  <testcase classname="day12.Annotations" name="login2" time="0.002"/>
  <system-out/>
</testsuite> <!-- day12.Annotations -->
