<?xml version="1.0" encoding="UTF-8"?>
<!-- Generated by org.testng.reporters.JUnitReportReporter -->
<testsuite hostname="MYLOP6109355" failures="0" tests="1" name="day12.ReadExcelData" time="0.397" errors="0" timestamp="2022-11-25T12:22:46 SGT" skipped="0">
  <testcase classname="day12.ReadExcelData" name="readExcelData" time="0.397"/>
  <system-out/>
</testsuite> <!-- day12.ReadExcelData -->
