<?xml version="1.0" encoding="UTF-8"?>
<!-- Generated by org.testng.reporters.JUnitReportReporter -->
<testsuite hostname="MYLOP6109355" failures="0" tests="3" name="day12.AcceptParaameters" time="0.010" errors="0" timestamp="2022-11-25T15:22:26 SGT" skipped="0">
  <testcase classname="day12.AcceptParaameters" name="startTest" time="0.008"/>
  <system-out/>
  <testcase classname="day12.AcceptParaameters" name="startTest" time="0.001"/>
  <system-out/>
  <testcase classname="day12.AcceptParaameters" name="startTest" time="0.001"/>
  <system-out/>
</testsuite> <!-- day12.AcceptParaameters -->
