<?xml version="1.0" encoding="UTF-8"?>
<!-- Generated by org.testng.reporters.JUnitReportReporter -->
<testsuite hostname="MYLOP6109355" failures="0" tests="2" name="day11.E2ETest" time="25.182" errors="0" timestamp="2022-11-26T12:20:56 SGT" skipped="0">
  <testcase classname="day11.E2ETest" name="loginApp" time="15.316"/>
  <system-out/>
  <testcase classname="day11.E2ETest" name="logoutApp" time="9.866"/>
  <system-out/>
</testsuite> <!-- day11.E2ETest -->
