<?xml version="1.0" encoding="UTF-8"?>
<!-- Generated by org.testng.reporters.JUnitReportReporter -->
<testsuite hostname="MYLOP6109355" failures="0" tests="4" name="day11.MyCRMApp2" time="0.005" errors="0" timestamp="2022-11-26T09:06:03 SGT" skipped="0">
  <testcase classname="day11.MyCRMApp2" name="logiinApp" time="0.004"/>
  <system-out/>
  <testcase classname="day11.MyCRMApp2" name="createuser" time="0.000"/>
  <system-out/>
  <testcase classname="day11.MyCRMApp2" name="deleteUser" time="0.000"/>
  <system-out/>
  <testcase classname="day11.MyCRMApp2" name="logOut" time="0.001"/>
  <system-out/>
</testsuite> <!-- day11.MyCRMApp2 -->
