<?xml version="1.0" encoding="UTF-8"?>
<!-- Generated by org.testng.reporters.JUnitReportReporter -->
<testsuite hostname="MYLOP6109355" failures="0" tests="3" name="day11.MyCRMApp3" time="0.004" errors="0" timestamp="2022-11-26T09:06:03 SGT" skipped="0">
  <testcase classname="day11.MyCRMApp3" name="logOut" time="0.000"/>
  <system-out/>
  <testcase classname="day11.MyCRMApp3" name="loginApp" time="0.003"/>
  <system-out/>
  <testcase classname="day11.MyCRMApp3" name="createUser" time="0.001"/>
  <system-out/>
</testsuite> <!-- day11.MyCRMApp3 -->
